[0.017s] Invoking command in '/home/bonnjalal/Documents/Robotics/build/micro_ros_setup': CMAKE_PREFIX_PATH=/nix/store/3zqyndbv3z684ibb2vdxz5fggf7w3hcq-ros-env XML_CATALOG_FILES= _=/nix/store/0kg70swgpg45ipcz3pr2siidq9fn6d77-coreutils-9.5/bin/env buildPhase={ echo "------------------------------------------------------------";
  echo " WARNING: the existence of this path is not guaranteed.";
  echo " It is an internal implementation detail for pkgs.mkShell.";
  echo "------------------------------------------------------------";
  echo;
  # Record all build inputs as runtime dependencies
  export;
} >> "$out" shellHook=export LD_LIBRARY_PATH=$NIX_LD_LIBRARY_PATH
# current_path="$PWD"
# folder_path="$current_path/$shellName"
#
# if [ ! -d "$folder_path" ]; then
#   echo "Creating vertual env: $folder_path"
#   python -m venv $shellName
# else
#   echo "vertual env '$folder_path' already exists."
# fi
# source $shellName/bin/activate
## This is if we are not using python env /nix/store/sy0yqiyv1wh086i94ka5w28ln305xfy1-python3.12-cmake-3.29.6/bin/cmake /home/bonnjalal/Documents/Robotics/src/micro_ros_setup -DCMAKE_INSTALL_PREFIX=/home/bonnjalal/Documents/Robotics/install/micro_ros_setup
[0.088s] -- Found ament_cmake: 1.3.10 (/nix/store/00nabr6mn72kq6zqc13mnlbgai1lkbx1-ros-env/share/ament_cmake/cmake)
[0.096s] [31mCMake Error at /nix/store/00nabr6mn72kq6zqc13mnlbgai1lkbx1-ros-env/share/ament_cmake/cmake/ament_cmake_export_dependencies-extras.cmake:15 (find_package):
[0.097s]   By not providing "Findament_cmake_core.cmake" in CMAKE_MODULE_PATH this
[0.097s]   project has asked CMake to find a package configuration file provided by
[0.097s]   "ament_cmake_core", but CMake did not find one.
[0.097s] 
[0.097s]   Could not find a package configuration file provided by "ament_cmake_core"
[0.097s]   with any of the following names:
[0.097s] 
[0.097s]     ament_cmake_coreConfig.cmake
[0.097s]     ament_cmake_core-config.cmake
[0.098s] 
[0.098s]   Add the installation prefix of "ament_cmake_core" to CMAKE_PREFIX_PATH or
[0.098s]   set "ament_cmake_core_DIR" to a directory containing one of the above
[0.098s]   files.  If "ament_cmake_core" provides a separate development package or
[0.098s]   SDK, be sure it has been installed.
[0.098s] Call Stack (most recent call first):
[0.098s]   /nix/store/00nabr6mn72kq6zqc13mnlbgai1lkbx1-ros-env/share/ament_cmake/cmake/ament_cmakeConfig.cmake:41 (include)
[0.098s]   CMakeLists.txt:19 (find_package)
[0.098s] 
[0.098s] [0m
[0.098s] -- Configuring incomplete, errors occurred!
[0.351s] Invoked command in '/home/bonnjalal/Documents/Robotics/build/micro_ros_setup' returned '1': CMAKE_PREFIX_PATH=/nix/store/3zqyndbv3z684ibb2vdxz5fggf7w3hcq-ros-env XML_CATALOG_FILES= _=/nix/store/0kg70swgpg45ipcz3pr2siidq9fn6d77-coreutils-9.5/bin/env buildPhase={ echo "------------------------------------------------------------";
  echo " WARNING: the existence of this path is not guaranteed.";
  echo " It is an internal implementation detail for pkgs.mkShell.";
  echo "------------------------------------------------------------";
  echo;
  # Record all build inputs as runtime dependencies
  export;
} >> "$out" shellHook=export LD_LIBRARY_PATH=$NIX_LD_LIBRARY_PATH
# current_path="$PWD"
# folder_path="$current_path/$shellName"
#
# if [ ! -d "$folder_path" ]; then
#   echo "Creating vertual env: $folder_path"
#   python -m venv $shellName
# else
#   echo "vertual env '$folder_path' already exists."
# fi
# source $shellName/bin/activate
## This is if we are not using python env /nix/store/sy0yqiyv1wh086i94ka5w28ln305xfy1-python3.12-cmake-3.29.6/bin/cmake /home/bonnjalal/Documents/Robotics/src/micro_ros_setup -DCMAKE_INSTALL_PREFIX=/home/bonnjalal/Documents/Robotics/install/micro_ros_setup
