-- The C compiler identification is GNU 13.3.0
-- The CXX compiler identification is GNU 13.3.0
-- Detecting C compiler ABI info
-- Detecting C compiler ABI info - done
-- Check for working C compiler: /nix/store/zznja5f8v3jafffyah1rk46vpfcn38dv-gcc-wrapper-13.3.0/bin/gcc - skipped
-- Detecting C compile features
-- Detecting C compile features - done
-- Detecting CXX compiler ABI info
-- Detecting CXX compiler ABI info - done
-- Check for working CXX compiler: /nix/store/zznja5f8v3jafffyah1rk46vpfcn38dv-gcc-wrapper-13.3.0/bin/g++ - skipped
-- Detecting CXX compile features
-- Detecting CXX compile features - done
-- Found ament_cmake: 1.3.10 (/nix/store/00nabr6mn72kq6zqc13mnlbgai1lkbx1-ros-env/share/ament_cmake/cmake)
[31mCMake Error at /nix/store/00nabr6mn72kq6zqc13mnlbgai1lkbx1-ros-env/share/ament_cmake/cmake/ament_cmake_export_dependencies-extras.cmake:15 (find_package):
  By not providing "Findament_cmake_core.cmake" in CMAKE_MODULE_PATH this
  project has asked CMake to find a package configuration file provided by
  "ament_cmake_core", but CMake did not find one.

  Could not find a package configuration file provided by "ament_cmake_core"
  with any of the following names:

    ament_cmake_coreConfig.cmake
    ament_cmake_core-config.cmake

  Add the installation prefix of "ament_cmake_core" to CMAKE_PREFIX_PATH or
  set "ament_cmake_core_DIR" to a directory containing one of the above
  files.  If "ament_cmake_core" provides a separate development package or
  SDK, be sure it has been installed.
Call Stack (most recent call first):
  /nix/store/00nabr6mn72kq6zqc13mnlbgai1lkbx1-ros-env/share/ament_cmake/cmake/ament_cmakeConfig.cmake:41 (include)
  CMakeLists.txt:19 (find_package)

[0m
-- Configuring incomplete, errors occurred!
