[0.020s] Invoking command in '/home/bonnjalal/Documents/Robotics/build/micro_ros_setup': CMAKE_PREFIX_PATH=/nix/store/00nabr6mn72kq6zqc13mnlbgai1lkbx1-ros-env XML_CATALOG_FILES= _=/nix/store/0kg70swgpg45ipcz3pr2siidq9fn6d77-coreutils-9.5/bin/env buildPhase={ echo "------------------------------------------------------------";
  echo " WARNING: the existence of this path is not guaranteed.";
  echo " It is an internal implementation detail for pkgs.mkShell.";
  echo "------------------------------------------------------------";
  echo;
  # Record all build inputs as runtime dependencies
  export;
} >> "$out" shellHook=export LD_LIBRARY_PATH=$NIX_LD_LIBRARY_PATH
# current_path="$PWD"
# folder_path="$current_path/$shellName"
#
# if [ ! -d "$folder_path" ]; then
#   echo "Creating vertual env: $folder_path"
#   python -m venv $shellName
# else
#   echo "vertual env '$folder_path' already exists."
# fi
# source $shellName/bin/activate
## This is if we are not using python env /nix/store/sy0yqiyv1wh086i94ka5w28ln305xfy1-python3.12-cmake-3.29.6/bin/cmake /home/bonnjalal/Documents/Robotics/src/micro_ros_setup -DCMAKE_INSTALL_PREFIX=/home/bonnjalal/Documents/Robotics/install/micro_ros_setup
[0.296s] -- The C compiler identification is GNU 13.3.0
[0.680s] -- The CXX compiler identification is GNU 13.3.0
[0.756s] -- Detecting C compiler ABI info
[0.942s] -- Detecting C compiler ABI info - done
[1.024s] -- Check for working C compiler: /nix/store/zznja5f8v3jafffyah1rk46vpfcn38dv-gcc-wrapper-13.3.0/bin/gcc - skipped
[1.026s] -- Detecting C compile features
[1.027s] -- Detecting C compile features - done
[1.032s] -- Detecting CXX compiler ABI info
[1.261s] -- Detecting CXX compiler ABI info - done
[1.344s] -- Check for working CXX compiler: /nix/store/zznja5f8v3jafffyah1rk46vpfcn38dv-gcc-wrapper-13.3.0/bin/g++ - skipped
[1.344s] -- Detecting CXX compile features
[1.345s] -- Detecting CXX compile features - done
[1.357s] -- Found ament_cmake: 1.3.10 (/nix/store/00nabr6mn72kq6zqc13mnlbgai1lkbx1-ros-env/share/ament_cmake/cmake)
[1.374s] [31mCMake Error at /nix/store/00nabr6mn72kq6zqc13mnlbgai1lkbx1-ros-env/share/ament_cmake/cmake/ament_cmake_export_dependencies-extras.cmake:15 (find_package):
[1.374s]   By not providing "Findament_cmake_core.cmake" in CMAKE_MODULE_PATH this
[1.374s]   project has asked CMake to find a package configuration file provided by
[1.375s]   "ament_cmake_core", but CMake did not find one.
[1.375s] 
[1.375s]   Could not find a package configuration file provided by "ament_cmake_core"
[1.375s]   with any of the following names:
[1.375s] 
[1.375s]     ament_cmake_coreConfig.cmake
[1.375s]     ament_cmake_core-config.cmake
[1.376s] 
[1.376s]   Add the installation prefix of "ament_cmake_core" to CMAKE_PREFIX_PATH or
[1.376s]   set "ament_cmake_core_DIR" to a directory containing one of the above
[1.376s]   files.  If "ament_cmake_core" provides a separate development package or
[1.376s]   SDK, be sure it has been installed.
[1.376s] Call Stack (most recent call first):
[1.376s]   /nix/store/00nabr6mn72kq6zqc13mnlbgai1lkbx1-ros-env/share/ament_cmake/cmake/ament_cmakeConfig.cmake:41 (include)
[1.377s]   CMakeLists.txt:19 (find_package)
[1.377s] 
[1.377s] [0m
[1.377s] -- Configuring incomplete, errors occurred!
