running egg_info
writing ../../build/robotFz_ball_detector/robotFz_ball_detector.egg-info/PKG-INFO
writing dependency_links to ../../build/robotFz_ball_detector/robotFz_ball_detector.egg-info/dependency_links.txt
writing entry points to ../../build/robotFz_ball_detector/robotFz_ball_detector.egg-info/entry_points.txt
writing requirements to ../../build/robotFz_ball_detector/robotFz_ball_detector.egg-info/requires.txt
writing top-level names to ../../build/robotFz_ball_detector/robotFz_ball_detector.egg-info/top_level.txt
reading manifest file '../../build/robotFz_ball_detector/robotFz_ball_detector.egg-info/SOURCES.txt'
writing manifest file '../../build/robotFz_ball_detector/robotFz_ball_detector.egg-info/SOURCES.txt'
running build
running build_py
copying robotFz_ball_detector/__init__.py -> /home/bonnjalal/Documents/Robotics/build/robotFz_ball_detector/build/lib/robotFz_ball_detector
copying robotFz_ball_detector/ball_detector_node.py -> /home/bonnjalal/Documents/Robotics/build/robotFz_ball_detector/build/lib/robotFz_ball_detector
running install
running install_lib
running install_data
copying resource/robotFz_ball_detector -> /home/bonnjalal/Documents/Robotics/install/robotFz_ball_detector/share/ament_index/resource_index/packages
copying package.xml -> /home/bonnjalal/Documents/Robotics/install/robotFz_ball_detector/share/robotFz_ball_detector
running install_egg_info
removing '/home/bonnjalal/Documents/Robotics/install/robotFz_ball_detector/lib/python3.12/site-packages/robotFz_ball_detector-0.0.0-py3.12.egg-info' (and everything under it)
Copying ../../build/robotFz_ball_detector/robotFz_ball_detector.egg-info to /home/bonnjalal/Documents/Robotics/install/robotFz_ball_detector/lib/python3.12/site-packages/robotFz_ball_detector-0.0.0-py3.12.egg-info
running install_scripts
Installing ball_detector_node script to /home/bonnjalal/Documents/Robotics/install/robotFz_ball_detector/lib/robotFz_ball_detector
writing list of installed files to '/home/bonnjalal/Documents/Robotics/build/robotFz_ball_detector/install.log'
