[0.014s] Invoking command in '/home/bonnjalal/Documents/Robotics/build/micro_ros_setup': CMAKE_PREFIX_PATH=/nix/store/7pms4kgr1pqw82ss8wwcahw6fnm27av4-ros-env XML_CATALOG_FILES= _=/nix/store/0kg70swgpg45ipcz3pr2siidq9fn6d77-coreutils-9.5/bin/env buildPhase={ echo "------------------------------------------------------------";
  echo " WARNING: the existence of this path is not guaranteed.";
  echo " It is an internal implementation detail for pkgs.mkShell.";
  echo "------------------------------------------------------------";
  echo;
  # Record all build inputs as runtime dependencies
  export;
} >> "$out" shellHook=export LD_LIBRARY_PATH=$NIX_LD_LIBRARY_PATH
# current_path="$PWD"
# folder_path="$current_path/$shellName"
#
# if [ ! -d "$folder_path" ]; then
#   echo "Creating vertual env: $folder_path"
#   python -m venv $shellName
# else
#   echo "vertual env '$folder_path' already exists."
# fi
# source $shellName/bin/activate
## This is if we are not using python env /nix/store/sy0yqiyv1wh086i94ka5w28ln305xfy1-python3.12-cmake-3.29.6/bin/cmake /home/bonnjalal/Documents/Robotics/src/micro_ros_setup -DCMAKE_INSTALL_PREFIX=/home/bonnjalal/Documents/Robotics/install/micro_ros_setup
[0.079s] -- Found ament_cmake: 1.3.10 (/nix/store/00nabr6mn72kq6zqc13mnlbgai1lkbx1-ros-env/share/ament_cmake/cmake)
[0.308s] -- Found Python3: /nix/store/7pms4kgr1pqw82ss8wwcahw6fnm27av4-ros-env/bin/python3 (found version "3.12.5") found components: Interpreter
[0.497s] -- Found ament_lint_auto: 0.12.11 (/nix/store/7pms4kgr1pqw82ss8wwcahw6fnm27av4-ros-env/share/ament_lint_auto/cmake)
[0.685s] -- Added test 'copyright' to check source files copyright and LICENSE
[0.708s] -- Added test 'flake8' to check Python code syntax and style conventions
[0.712s] -- Added test 'lint_cmake' to check CMake code style
[0.714s] -- Added test 'pep257' to check Python code against some of the docstring style conventions in PEP 257
[0.726s] -- Added test 'xmllint' to check XML markup files
[0.728s] -- Configuring done (0.7s)
[0.733s] -- Generating done (0.0s)
[0.733s] -- Build files have been written to: /home/bonnjalal/Documents/Robotics/build/micro_ros_setup
[0.745s] Invoked command in '/home/bonnjalal/Documents/Robotics/build/micro_ros_setup' returned '0': CMAKE_PREFIX_PATH=/nix/store/7pms4kgr1pqw82ss8wwcahw6fnm27av4-ros-env XML_CATALOG_FILES= _=/nix/store/0kg70swgpg45ipcz3pr2siidq9fn6d77-coreutils-9.5/bin/env buildPhase={ echo "------------------------------------------------------------";
  echo " WARNING: the existence of this path is not guaranteed.";
  echo " It is an internal implementation detail for pkgs.mkShell.";
  echo "------------------------------------------------------------";
  echo;
  # Record all build inputs as runtime dependencies
  export;
} >> "$out" shellHook=export LD_LIBRARY_PATH=$NIX_LD_LIBRARY_PATH
# current_path="$PWD"
# folder_path="$current_path/$shellName"
#
# if [ ! -d "$folder_path" ]; then
#   echo "Creating vertual env: $folder_path"
#   python -m venv $shellName
# else
#   echo "vertual env '$folder_path' already exists."
# fi
# source $shellName/bin/activate
## This is if we are not using python env /nix/store/sy0yqiyv1wh086i94ka5w28ln305xfy1-python3.12-cmake-3.29.6/bin/cmake /home/bonnjalal/Documents/Robotics/src/micro_ros_setup -DCMAKE_INSTALL_PREFIX=/home/bonnjalal/Documents/Robotics/install/micro_ros_setup
[0.748s] Invoking command in '/home/bonnjalal/Documents/Robotics/build/micro_ros_setup': CMAKE_PREFIX_PATH=/nix/store/7pms4kgr1pqw82ss8wwcahw6fnm27av4-ros-env XML_CATALOG_FILES= _=/nix/store/0kg70swgpg45ipcz3pr2siidq9fn6d77-coreutils-9.5/bin/env buildPhase={ echo "------------------------------------------------------------";
  echo " WARNING: the existence of this path is not guaranteed.";
  echo " It is an internal implementation detail for pkgs.mkShell.";
  echo "------------------------------------------------------------";
  echo;
  # Record all build inputs as runtime dependencies
  export;
} >> "$out" shellHook=export LD_LIBRARY_PATH=$NIX_LD_LIBRARY_PATH
# current_path="$PWD"
# folder_path="$current_path/$shellName"
#
# if [ ! -d "$folder_path" ]; then
#   echo "Creating vertual env: $folder_path"
#   python -m venv $shellName
# else
#   echo "vertual env '$folder_path' already exists."
# fi
# source $shellName/bin/activate
## This is if we are not using python env /nix/store/sy0yqiyv1wh086i94ka5w28ln305xfy1-python3.12-cmake-3.29.6/bin/cmake --build /home/bonnjalal/Documents/Robotics/build/micro_ros_setup -- -j8 -l8
[0.849s] Invoked command in '/home/bonnjalal/Documents/Robotics/build/micro_ros_setup' returned '0': CMAKE_PREFIX_PATH=/nix/store/7pms4kgr1pqw82ss8wwcahw6fnm27av4-ros-env XML_CATALOG_FILES= _=/nix/store/0kg70swgpg45ipcz3pr2siidq9fn6d77-coreutils-9.5/bin/env buildPhase={ echo "------------------------------------------------------------";
  echo " WARNING: the existence of this path is not guaranteed.";
  echo " It is an internal implementation detail for pkgs.mkShell.";
  echo "------------------------------------------------------------";
  echo;
  # Record all build inputs as runtime dependencies
  export;
} >> "$out" shellHook=export LD_LIBRARY_PATH=$NIX_LD_LIBRARY_PATH
# current_path="$PWD"
# folder_path="$current_path/$shellName"
#
# if [ ! -d "$folder_path" ]; then
#   echo "Creating vertual env: $folder_path"
#   python -m venv $shellName
# else
#   echo "vertual env '$folder_path' already exists."
# fi
# source $shellName/bin/activate
## This is if we are not using python env /nix/store/sy0yqiyv1wh086i94ka5w28ln305xfy1-python3.12-cmake-3.29.6/bin/cmake --build /home/bonnjalal/Documents/Robotics/build/micro_ros_setup -- -j8 -l8
[1.009s] Invoking command in '/home/bonnjalal/Documents/Robotics/build/micro_ros_setup': CMAKE_PREFIX_PATH=/nix/store/7pms4kgr1pqw82ss8wwcahw6fnm27av4-ros-env XML_CATALOG_FILES= _=/nix/store/0kg70swgpg45ipcz3pr2siidq9fn6d77-coreutils-9.5/bin/env buildPhase={ echo "------------------------------------------------------------";
  echo " WARNING: the existence of this path is not guaranteed.";
  echo " It is an internal implementation detail for pkgs.mkShell.";
  echo "------------------------------------------------------------";
  echo;
  # Record all build inputs as runtime dependencies
  export;
} >> "$out" shellHook=export LD_LIBRARY_PATH=$NIX_LD_LIBRARY_PATH
# current_path="$PWD"
# folder_path="$current_path/$shellName"
#
# if [ ! -d "$folder_path" ]; then
#   echo "Creating vertual env: $folder_path"
#   python -m venv $shellName
# else
#   echo "vertual env '$folder_path' already exists."
# fi
# source $shellName/bin/activate
## This is if we are not using python env /nix/store/sy0yqiyv1wh086i94ka5w28ln305xfy1-python3.12-cmake-3.29.6/bin/cmake --install /home/bonnjalal/Documents/Robotics/build/micro_ros_setup
[1.061s] -- Install configuration: ""
[1.062s] -- Installing: /home/bonnjalal/Documents/Robotics/install/micro_ros_setup/share/ament_index/resource_index/package_run_dependencies/micro_ros_setup
[1.062s] -- Installing: /home/bonnjalal/Documents/Robotics/install/micro_ros_setup/share/ament_index/resource_index/parent_prefix_path/micro_ros_setup
[1.062s] -- Installing: /home/bonnjalal/Documents/Robotics/install/micro_ros_setup/share/micro_ros_setup/environment/ament_prefix_path.sh
[1.063s] -- Installing: /home/bonnjalal/Documents/Robotics/install/micro_ros_setup/share/micro_ros_setup/environment/ament_prefix_path.dsv
[1.063s] -- Installing: /home/bonnjalal/Documents/Robotics/install/micro_ros_setup/share/micro_ros_setup/environment/path.sh
[1.063s] -- Installing: /home/bonnjalal/Documents/Robotics/install/micro_ros_setup/share/micro_ros_setup/environment/path.dsv
[1.063s] -- Installing: /home/bonnjalal/Documents/Robotics/install/micro_ros_setup/share/micro_ros_setup/local_setup.bash
[1.063s] -- Installing: /home/bonnjalal/Documents/Robotics/install/micro_ros_setup/share/micro_ros_setup/local_setup.sh
[1.063s] -- Installing: /home/bonnjalal/Documents/Robotics/install/micro_ros_setup/share/micro_ros_setup/local_setup.zsh
[1.064s] -- Installing: /home/bonnjalal/Documents/Robotics/install/micro_ros_setup/share/micro_ros_setup/local_setup.dsv
[1.064s] -- Installing: /home/bonnjalal/Documents/Robotics/install/micro_ros_setup/share/micro_ros_setup/package.dsv
[1.064s] -- Installing: /home/bonnjalal/Documents/Robotics/install/micro_ros_setup/share/ament_index/resource_index/packages/micro_ros_setup
[1.064s] -- Installing: /home/bonnjalal/Documents/Robotics/install/micro_ros_setup/share/micro_ros_setup/cmake/micro_ros_setupConfig.cmake
[1.064s] -- Installing: /home/bonnjalal/Documents/Robotics/install/micro_ros_setup/share/micro_ros_setup/cmake/micro_ros_setupConfig-version.cmake
[1.064s] -- Installing: /home/bonnjalal/Documents/Robotics/install/micro_ros_setup/share/micro_ros_setup/package.xml
[1.064s] -- Installing: /home/bonnjalal/Documents/Robotics/install/micro_ros_setup/./config
[1.065s] -- Installing: /home/bonnjalal/Documents/Robotics/install/micro_ros_setup/./config/utils.sh
[1.065s] -- Installing: /home/bonnjalal/Documents/Robotics/install/micro_ros_setup/./config/mbed
[1.065s] -- Installing: /home/bonnjalal/Documents/Robotics/install/micro_ros_setup/./config/mbed/generic
[1.065s] -- Installing: /home/bonnjalal/Documents/Robotics/install/micro_ros_setup/./config/mbed/generic/supported_platforms
[1.065s] -- Installing: /home/bonnjalal/Documents/Robotics/install/micro_ros_setup/./config/mbed/generic/build.sh
[1.065s] -- Installing: /home/bonnjalal/Documents/Robotics/install/micro_ros_setup/./config/mbed/generic/create.sh
[1.065s] -- Installing: /home/bonnjalal/Documents/Robotics/install/micro_ros_setup/./config/mbed/generic/package.xml
[1.065s] -- Installing: /home/bonnjalal/Documents/Robotics/install/micro_ros_setup/./config/mbed/generic/client_uros_packages.repos
[1.065s] -- Installing: /home/bonnjalal/Documents/Robotics/install/micro_ros_setup/./config/mbed/generic/board.repos
[1.066s] -- Installing: /home/bonnjalal/Documents/Robotics/install/micro_ros_setup/./config/mbed/generic/flash.sh
[1.066s] -- Installing: /home/bonnjalal/Documents/Robotics/install/micro_ros_setup/./config/mbed/dev_uros_packages.repos
[1.066s] -- Installing: /home/bonnjalal/Documents/Robotics/install/micro_ros_setup/./config/mbed/list_apps.sh
[1.066s] -- Installing: /home/bonnjalal/Documents/Robotics/install/micro_ros_setup/./config/mbed/dev_ros2_packages.txt
[1.066s] -- Installing: /home/bonnjalal/Documents/Robotics/install/micro_ros_setup/./config/agent_uros_packages.repos
[1.066s] -- Installing: /home/bonnjalal/Documents/Robotics/install/micro_ros_setup/./config/zephyr
[1.066s] -- Installing: /home/bonnjalal/Documents/Robotics/install/micro_ros_setup/./config/zephyr/generic
[1.066s] -- Installing: /home/bonnjalal/Documents/Robotics/install/micro_ros_setup/./config/zephyr/generic/supported_platforms
[1.067s] -- Installing: /home/bonnjalal/Documents/Robotics/install/micro_ros_setup/./config/zephyr/generic/build.sh
[1.067s] -- Installing: /home/bonnjalal/Documents/Robotics/install/micro_ros_setup/./config/zephyr/generic/create.sh
[1.067s] -- Installing: /home/bonnjalal/Documents/Robotics/install/micro_ros_setup/./config/zephyr/generic/configure.sh
[1.067s] -- Installing: /home/bonnjalal/Documents/Robotics/install/micro_ros_setup/./config/zephyr/generic/client-colcon.meta
[1.067s] -- Installing: /home/bonnjalal/Documents/Robotics/install/micro_ros_setup/./config/zephyr/generic/package.xml
[1.067s] -- Installing: /home/bonnjalal/Documents/Robotics/install/micro_ros_setup/./config/zephyr/generic/client_uros_packages.repos
[1.067s] -- Installing: /home/bonnjalal/Documents/Robotics/install/micro_ros_setup/./config/zephyr/generic/board.repos
[1.067s] -- Installing: /home/bonnjalal/Documents/Robotics/install/micro_ros_setup/./config/zephyr/generic/flash.sh
[1.067s] -- Installing: /home/bonnjalal/Documents/Robotics/install/micro_ros_setup/./config/zephyr/dev_uros_packages.repos
[1.067s] -- Installing: /home/bonnjalal/Documents/Robotics/install/micro_ros_setup/./config/zephyr/list_apps.sh
[1.068s] -- Installing: /home/bonnjalal/Documents/Robotics/install/micro_ros_setup/./config/zephyr/dev_ros2_packages.txt
[1.068s] -- Installing: /home/bonnjalal/Documents/Robotics/install/micro_ros_setup/./config/host
[1.068s] -- Installing: /home/bonnjalal/Documents/Robotics/install/micro_ros_setup/./config/host/generic
[1.068s] -- Installing: /home/bonnjalal/Documents/Robotics/install/micro_ros_setup/./config/host/generic/build.sh
[1.069s] -- Installing: /home/bonnjalal/Documents/Robotics/install/micro_ros_setup/./config/host/generic/client-host-colcon.meta
[1.069s] -- Installing: /home/bonnjalal/Documents/Robotics/install/micro_ros_setup/./config/host/generic/create.sh
[1.069s] -- Installing: /home/bonnjalal/Documents/Robotics/install/micro_ros_setup/./config/host/generic/client_host_packages.repos
[1.069s] -- Installing: /home/bonnjalal/Documents/Robotics/install/micro_ros_setup/./config/host/generic/package.xml
[1.069s] -- Installing: /home/bonnjalal/Documents/Robotics/install/micro_ros_setup/./config/host/generic/flash.sh
[1.069s] -- Installing: /home/bonnjalal/Documents/Robotics/install/micro_ros_setup/./config/host/dev_uros_packages.repos
[1.070s] -- Installing: /home/bonnjalal/Documents/Robotics/install/micro_ros_setup/./config/host/client_ros2_packages.txt
[1.070s] -- Installing: /home/bonnjalal/Documents/Robotics/install/micro_ros_setup/./config/host/dev_ros2_packages.txt
[1.070s] -- Installing: /home/bonnjalal/Documents/Robotics/install/micro_ros_setup/./config/generate_lib
[1.070s] -- Installing: /home/bonnjalal/Documents/Robotics/install/micro_ros_setup/./config/generate_lib/generic
[1.070s] -- Installing: /home/bonnjalal/Documents/Robotics/install/micro_ros_setup/./config/generate_lib/generic/build.sh
[1.071s] -- Installing: /home/bonnjalal/Documents/Robotics/install/micro_ros_setup/./config/generate_lib/generic/create.sh
[1.071s] -- Installing: /home/bonnjalal/Documents/Robotics/install/micro_ros_setup/./config/generate_lib/generic/demo_toolchain.cmake
[1.071s] -- Installing: /home/bonnjalal/Documents/Robotics/install/micro_ros_setup/./config/generate_lib/generic/client-colcon.meta
[1.071s] -- Installing: /home/bonnjalal/Documents/Robotics/install/micro_ros_setup/./config/generate_lib/generic/package.xml
[1.072s] -- Installing: /home/bonnjalal/Documents/Robotics/install/micro_ros_setup/./config/generate_lib/generic/client_uros_packages.repos
[1.072s] -- Installing: /home/bonnjalal/Documents/Robotics/install/micro_ros_setup/./config/generate_lib/generic/flash.sh
[1.072s] -- Installing: /home/bonnjalal/Documents/Robotics/install/micro_ros_setup/./config/generate_lib/dev_uros_packages.repos
[1.072s] -- Installing: /home/bonnjalal/Documents/Robotics/install/micro_ros_setup/./config/generate_lib/dev_ros2_packages.txt
[1.072s] -- Installing: /home/bonnjalal/Documents/Robotics/install/micro_ros_setup/./config/renesas_ra
[1.073s] -- Installing: /home/bonnjalal/Documents/Robotics/install/micro_ros_setup/./config/renesas_ra/dev_uros_packages.repos
[1.073s] -- Installing: /home/bonnjalal/Documents/Robotics/install/micro_ros_setup/./config/renesas_ra/ra6m5
[1.073s] -- Installing: /home/bonnjalal/Documents/Robotics/install/micro_ros_setup/./config/renesas_ra/ra6m5/build.sh
[1.073s] -- Installing: /home/bonnjalal/Documents/Robotics/install/micro_ros_setup/./config/renesas_ra/ra6m5/create.sh
[1.073s] -- Installing: /home/bonnjalal/Documents/Robotics/install/micro_ros_setup/./config/renesas_ra/ra6m5/configure.sh
[1.073s] -- Installing: /home/bonnjalal/Documents/Robotics/install/micro_ros_setup/./config/renesas_ra/ra6m5/client-colcon.meta
[1.074s] -- Installing: /home/bonnjalal/Documents/Robotics/install/micro_ros_setup/./config/renesas_ra/ra6m5/client_uros_packages.repos
[1.074s] -- Installing: /home/bonnjalal/Documents/Robotics/install/micro_ros_setup/./config/renesas_ra/ra6m5/board.repos
[1.074s] -- Installing: /home/bonnjalal/Documents/Robotics/install/micro_ros_setup/./config/renesas_ra/ra6m5/flash.sh
[1.074s] -- Installing: /home/bonnjalal/Documents/Robotics/install/micro_ros_setup/./config/renesas_ra/list_apps.sh
[1.074s] -- Installing: /home/bonnjalal/Documents/Robotics/install/micro_ros_setup/./config/renesas_ra/dev_ros2_packages.txt
[1.075s] -- Installing: /home/bonnjalal/Documents/Robotics/install/micro_ros_setup/./config/raspbian
[1.075s] -- Installing: /home/bonnjalal/Documents/Robotics/install/micro_ros_setup/./config/raspbian/generic
[1.075s] -- Installing: /home/bonnjalal/Documents/Robotics/install/micro_ros_setup/./config/raspbian/generic/supported_platforms
[1.075s] -- Installing: /home/bonnjalal/Documents/Robotics/install/micro_ros_setup/./config/raspbian/generic/build.sh
[1.075s] -- Installing: /home/bonnjalal/Documents/Robotics/install/micro_ros_setup/./config/raspbian/generic/create.sh
[1.076s] -- Installing: /home/bonnjalal/Documents/Robotics/install/micro_ros_setup/./config/raspbian/generic/configure.sh
[1.076s] -- Installing: /home/bonnjalal/Documents/Robotics/install/micro_ros_setup/./config/raspbian/generic/client-colcon.meta
[1.076s] -- Installing: /home/bonnjalal/Documents/Robotics/install/micro_ros_setup/./config/raspbian/generic/client_uros_packages.repos
[1.076s] -- Installing: /home/bonnjalal/Documents/Robotics/install/micro_ros_setup/./config/raspbian/generic/flash.sh
[1.077s] -- Installing: /home/bonnjalal/Documents/Robotics/install/micro_ros_setup/./config/raspbian/dev_uros_packages.repos
[1.077s] -- Installing: /home/bonnjalal/Documents/Robotics/install/micro_ros_setup/./config/raspbian/dev_ros2_packages.txt
[1.077s] -- Installing: /home/bonnjalal/Documents/Robotics/install/micro_ros_setup/./config/agent_ros2_packages.txt
[1.077s] -- Installing: /home/bonnjalal/Documents/Robotics/install/micro_ros_setup/./config/client_ros2_packages.txt
[1.077s] -- Installing: /home/bonnjalal/Documents/Robotics/install/micro_ros_setup/./config/client_uros_packages.repos
[1.078s] -- Installing: /home/bonnjalal/Documents/Robotics/install/micro_ros_setup/./config/freertos
[1.078s] -- Installing: /home/bonnjalal/Documents/Robotics/install/micro_ros_setup/./config/freertos/dev_uros_packages.repos
[1.078s] -- Installing: /home/bonnjalal/Documents/Robotics/install/micro_ros_setup/./config/freertos/olimex-stm32-e407
[1.078s] -- Installing: /home/bonnjalal/Documents/Robotics/install/micro_ros_setup/./config/freertos/olimex-stm32-e407/build.sh
[1.078s] -- Installing: /home/bonnjalal/Documents/Robotics/install/micro_ros_setup/./config/freertos/olimex-stm32-e407/create.sh
[1.079s] -- Installing: /home/bonnjalal/Documents/Robotics/install/micro_ros_setup/./config/freertos/olimex-stm32-e407/configure.sh
[1.079s] -- Installing: /home/bonnjalal/Documents/Robotics/install/micro_ros_setup/./config/freertos/olimex-stm32-e407/client-colcon.meta
[1.079s] -- Installing: /home/bonnjalal/Documents/Robotics/install/micro_ros_setup/./config/freertos/olimex-stm32-e407/package.xml
[1.079s] -- Installing: /home/bonnjalal/Documents/Robotics/install/micro_ros_setup/./config/freertos/olimex-stm32-e407/client_uros_packages.repos
[1.079s] -- Installing: /home/bonnjalal/Documents/Robotics/install/micro_ros_setup/./config/freertos/olimex-stm32-e407/board.repos
[1.080s] -- Installing: /home/bonnjalal/Documents/Robotics/install/micro_ros_setup/./config/freertos/olimex-stm32-e407/flash.sh
[1.080s] -- Installing: /home/bonnjalal/Documents/Robotics/install/micro_ros_setup/./config/freertos/nucleo_f746zg
[1.080s] -- Installing: /home/bonnjalal/Documents/Robotics/install/micro_ros_setup/./config/freertos/nucleo_f746zg/build.sh
[1.080s] -- Installing: /home/bonnjalal/Documents/Robotics/install/micro_ros_setup/./config/freertos/nucleo_f746zg/create.sh
[1.080s] -- Installing: /home/bonnjalal/Documents/Robotics/install/micro_ros_setup/./config/freertos/nucleo_f746zg/configure.sh
[1.081s] -- Installing: /home/bonnjalal/Documents/Robotics/install/micro_ros_setup/./config/freertos/nucleo_f746zg/client-colcon.meta
[1.081s] -- Installing: /home/bonnjalal/Documents/Robotics/install/micro_ros_setup/./config/freertos/nucleo_f746zg/package.xml
[1.081s] -- Installing: /home/bonnjalal/Documents/Robotics/install/micro_ros_setup/./config/freertos/nucleo_f746zg/client_uros_packages.repos
[1.081s] -- Installing: /home/bonnjalal/Documents/Robotics/install/micro_ros_setup/./config/freertos/nucleo_f746zg/board.repos
[1.081s] -- Installing: /home/bonnjalal/Documents/Robotics/install/micro_ros_setup/./config/freertos/nucleo_f746zg/flash.sh
[1.081s] -- Installing: /home/bonnjalal/Documents/Robotics/install/micro_ros_setup/./config/freertos/crazyflie21
[1.082s] -- Installing: /home/bonnjalal/Documents/Robotics/install/micro_ros_setup/./config/freertos/crazyflie21/build.sh
[1.082s] -- Installing: /home/bonnjalal/Documents/Robotics/install/micro_ros_setup/./config/freertos/crazyflie21/create.sh
[1.082s] -- Installing: /home/bonnjalal/Documents/Robotics/install/micro_ros_setup/./config/freertos/crazyflie21/configure.sh
[1.082s] -- Installing: /home/bonnjalal/Documents/Robotics/install/micro_ros_setup/./config/freertos/crazyflie21/client-colcon.meta
[1.082s] -- Installing: /home/bonnjalal/Documents/Robotics/install/micro_ros_setup/./config/freertos/crazyflie21/package.xml
[1.082s] -- Installing: /home/bonnjalal/Documents/Robotics/install/micro_ros_setup/./config/freertos/crazyflie21/client_uros_packages.repos
[1.083s] -- Installing: /home/bonnjalal/Documents/Robotics/install/micro_ros_setup/./config/freertos/crazyflie21/board.repos
[1.083s] -- Installing: /home/bonnjalal/Documents/Robotics/install/micro_ros_setup/./config/freertos/crazyflie21/flash.sh
[1.083s] -- Installing: /home/bonnjalal/Documents/Robotics/install/micro_ros_setup/./config/freertos/esp32
[1.083s] -- Installing: /home/bonnjalal/Documents/Robotics/install/micro_ros_setup/./config/freertos/esp32/build.sh
[1.083s] -- Installing: /home/bonnjalal/Documents/Robotics/install/micro_ros_setup/./config/freertos/esp32/README.md
[1.083s] -- Installing: /home/bonnjalal/Documents/Robotics/install/micro_ros_setup/./config/freertos/esp32/create.sh
[1.083s] -- Installing: /home/bonnjalal/Documents/Robotics/install/micro_ros_setup/./config/freertos/esp32/configure.sh
[1.084s] -- Installing: /home/bonnjalal/Documents/Robotics/install/micro_ros_setup/./config/freertos/esp32/client-colcon.meta
[1.084s] -- Installing: /home/bonnjalal/Documents/Robotics/install/micro_ros_setup/./config/freertos/esp32/package.xml
[1.084s] -- Installing: /home/bonnjalal/Documents/Robotics/install/micro_ros_setup/./config/freertos/esp32/client_uros_packages.repos
[1.084s] -- Installing: /home/bonnjalal/Documents/Robotics/install/micro_ros_setup/./config/freertos/esp32/board.repos
[1.085s] -- Installing: /home/bonnjalal/Documents/Robotics/install/micro_ros_setup/./config/freertos/esp32/flash.sh
[1.085s] -- Installing: /home/bonnjalal/Documents/Robotics/install/micro_ros_setup/./config/freertos/nucleo_f767zi
[1.085s] -- Installing: /home/bonnjalal/Documents/Robotics/install/micro_ros_setup/./config/freertos/nucleo_f767zi/build.sh
[1.085s] -- Installing: /home/bonnjalal/Documents/Robotics/install/micro_ros_setup/./config/freertos/nucleo_f767zi/create.sh
[1.085s] -- Installing: /home/bonnjalal/Documents/Robotics/install/micro_ros_setup/./config/freertos/nucleo_f767zi/configure.sh
[1.085s] -- Installing: /home/bonnjalal/Documents/Robotics/install/micro_ros_setup/./config/freertos/nucleo_f767zi/client-colcon.meta
[1.085s] -- Installing: /home/bonnjalal/Documents/Robotics/install/micro_ros_setup/./config/freertos/nucleo_f767zi/package.xml
[1.086s] -- Installing: /home/bonnjalal/Documents/Robotics/install/micro_ros_setup/./config/freertos/nucleo_f767zi/client_uros_packages.repos
[1.086s] -- Installing: /home/bonnjalal/Documents/Robotics/install/micro_ros_setup/./config/freertos/nucleo_f767zi/board.repos
[1.086s] -- Installing: /home/bonnjalal/Documents/Robotics/install/micro_ros_setup/./config/freertos/nucleo_f767zi/flash.sh
[1.086s] -- Installing: /home/bonnjalal/Documents/Robotics/install/micro_ros_setup/./config/freertos/list_apps.sh
[1.086s] -- Installing: /home/bonnjalal/Documents/Robotics/install/micro_ros_setup/./config/freertos/dev_ros2_packages.txt
[1.086s] -- Installing: /home/bonnjalal/Documents/Robotics/install/micro_ros_setup/./config/freertos/nucleo_f446re
[1.086s] -- Installing: /home/bonnjalal/Documents/Robotics/install/micro_ros_setup/./config/freertos/nucleo_f446re/build.sh
[1.087s] -- Installing: /home/bonnjalal/Documents/Robotics/install/micro_ros_setup/./config/freertos/nucleo_f446re/create.sh
[1.087s] -- Installing: /home/bonnjalal/Documents/Robotics/install/micro_ros_setup/./config/freertos/nucleo_f446re/configure.sh
[1.087s] -- Installing: /home/bonnjalal/Documents/Robotics/install/micro_ros_setup/./config/freertos/nucleo_f446re/client-colcon.meta
[1.087s] -- Installing: /home/bonnjalal/Documents/Robotics/install/micro_ros_setup/./config/freertos/nucleo_f446re/package.xml
[1.087s] -- Installing: /home/bonnjalal/Documents/Robotics/install/micro_ros_setup/./config/freertos/nucleo_f446re/client_uros_packages.repos
[1.087s] -- Installing: /home/bonnjalal/Documents/Robotics/install/micro_ros_setup/./config/freertos/nucleo_f446re/board.repos
[1.087s] -- Installing: /home/bonnjalal/Documents/Robotics/install/micro_ros_setup/./config/freertos/nucleo_f446re/flash.sh
[1.088s] -- Installing: /home/bonnjalal/Documents/Robotics/install/micro_ros_setup/./config/freertos/nucleo_f446ze
[1.088s] -- Installing: /home/bonnjalal/Documents/Robotics/install/micro_ros_setup/./config/freertos/nucleo_f446ze/build.sh
[1.088s] -- Installing: /home/bonnjalal/Documents/Robotics/install/micro_ros_setup/./config/freertos/nucleo_f446ze/create.sh
[1.088s] -- Installing: /home/bonnjalal/Documents/Robotics/install/micro_ros_setup/./config/freertos/nucleo_f446ze/configure.sh
[1.088s] -- Installing: /home/bonnjalal/Documents/Robotics/install/micro_ros_setup/./config/freertos/nucleo_f446ze/client-colcon.meta
[1.088s] -- Installing: /home/bonnjalal/Documents/Robotics/install/micro_ros_setup/./config/freertos/nucleo_f446ze/package.xml
[1.089s] -- Installing: /home/bonnjalal/Documents/Robotics/install/micro_ros_setup/./config/freertos/nucleo_f446ze/client_uros_packages.repos
[1.089s] -- Installing: /home/bonnjalal/Documents/Robotics/install/micro_ros_setup/./config/freertos/nucleo_f446ze/board.repos
[1.089s] -- Installing: /home/bonnjalal/Documents/Robotics/install/micro_ros_setup/./config/freertos/nucleo_f446ze/flash.sh
[1.090s] -- Installing: /home/bonnjalal/Documents/Robotics/install/micro_ros_setup/./config/android
[1.090s] -- Installing: /home/bonnjalal/Documents/Robotics/install/micro_ros_setup/./config/android/generic
[1.090s] -- Installing: /home/bonnjalal/Documents/Robotics/install/micro_ros_setup/./config/android/generic/build.sh
[1.091s] -- Installing: /home/bonnjalal/Documents/Robotics/install/micro_ros_setup/./config/android/generic/create.sh
[1.091s] -- Installing: /home/bonnjalal/Documents/Robotics/install/micro_ros_setup/./config/android/generic/client-colcon.meta
[1.092s] -- Installing: /home/bonnjalal/Documents/Robotics/install/micro_ros_setup/./config/android/generic/package.xml
[1.092s] -- Installing: /home/bonnjalal/Documents/Robotics/install/micro_ros_setup/./config/android/generic/client_uros_packages.repos
[1.092s] -- Installing: /home/bonnjalal/Documents/Robotics/install/micro_ros_setup/./config/android/generic/flash.sh
[1.092s] -- Installing: /home/bonnjalal/Documents/Robotics/install/micro_ros_setup/./config/android/dev_uros_packages.repos
[1.093s] -- Installing: /home/bonnjalal/Documents/Robotics/install/micro_ros_setup/./config/android/dev_ros2_packages.txt
[1.093s] -- Installing: /home/bonnjalal/Documents/Robotics/install/micro_ros_setup/lib/micro_ros_setup/create_ws.sh
[1.093s] -- Installing: /home/bonnjalal/Documents/Robotics/install/micro_ros_setup/lib/micro_ros_setup/create_agent_ws.sh
[1.094s] -- Installing: /home/bonnjalal/Documents/Robotics/install/micro_ros_setup/lib/micro_ros_setup/create_firmware_ws.sh
[1.094s] -- Installing: /home/bonnjalal/Documents/Robotics/install/micro_ros_setup/lib/micro_ros_setup/configure_firmware.sh
[1.094s] -- Installing: /home/bonnjalal/Documents/Robotics/install/micro_ros_setup/lib/micro_ros_setup/flash_firmware.sh
[1.094s] -- Installing: /home/bonnjalal/Documents/Robotics/install/micro_ros_setup/lib/micro_ros_setup/build_firmware.sh
[1.095s] -- Installing: /home/bonnjalal/Documents/Robotics/install/micro_ros_setup/lib/micro_ros_setup/build_agent.sh
[1.095s] -- Installing: /home/bonnjalal/Documents/Robotics/install/micro_ros_setup/lib/micro_ros_setup/yaml_filter.py
[1.095s] -- Installing: /home/bonnjalal/Documents/Robotics/install/micro_ros_setup/lib/micro_ros_setup/clean_env.sh
[1.096s] -- Installing: /home/bonnjalal/Documents/Robotics/install/micro_ros_setup/lib/micro_ros_setup/component
[1.096s] Invoked command in '/home/bonnjalal/Documents/Robotics/build/micro_ros_setup' returned '0': CMAKE_PREFIX_PATH=/nix/store/7pms4kgr1pqw82ss8wwcahw6fnm27av4-ros-env XML_CATALOG_FILES= _=/nix/store/0kg70swgpg45ipcz3pr2siidq9fn6d77-coreutils-9.5/bin/env buildPhase={ echo "------------------------------------------------------------";
  echo " WARNING: the existence of this path is not guaranteed.";
  echo " It is an internal implementation detail for pkgs.mkShell.";
  echo "------------------------------------------------------------";
  echo;
  # Record all build inputs as runtime dependencies
  export;
} >> "$out" shellHook=export LD_LIBRARY_PATH=$NIX_LD_LIBRARY_PATH
# current_path="$PWD"
# folder_path="$current_path/$shellName"
#
# if [ ! -d "$folder_path" ]; then
#   echo "Creating vertual env: $folder_path"
#   python -m venv $shellName
# else
#   echo "vertual env '$folder_path' already exists."
# fi
# source $shellName/bin/activate
## This is if we are not using python env /nix/store/sy0yqiyv1wh086i94ka5w28ln305xfy1-python3.12-cmake-3.29.6/bin/cmake --install /home/bonnjalal/Documents/Robotics/build/micro_ros_setup
