[1.088s] Invoking command in '/home/bonnjalal/Documents/Robotics/src/robotFz_ball_detector': PYTHONPATH=/home/bonnjalal/Documents/Robotics/build/robotFz_ball_detector/prefix_override:/nix/store/9y77vmw9sxmkxdn4cb9mf6s793whjxmv-python3.12-colcon-core-0.18.3/lib/python3.12/site-packages/colcon_core/task/python/colcon_distutils_commands:/home/bonnjalal/Documents/Robotics/install/robotFz_ball_detector/lib/python3.12/site-packages:${PYTHONPATH} XML_CATALOG_FILES= _=/nix/store/0kg70swgpg45ipcz3pr2siidq9fn6d77-coreutils-9.5/bin/env buildPhase={ echo "------------------------------------------------------------";
  echo " WARNING: the existence of this path is not guaranteed.";
  echo " It is an internal implementation detail for pkgs.mkShell.";
  echo "------------------------------------------------------------";
  echo;
  # Record all build inputs as runtime dependencies
  export;
} >> "$out" shellHook=export LD_LIBRARY_PATH=$NIX_LD_LIBRARY_PATH
# current_path="$PWD"
# folder_path="$current_path/$shellName"
#
# if [ ! -d "$folder_path" ]; then
#   echo "Creating vertual env: $folder_path"
#   python -m venv $shellName
# else
#   echo "vertual env '$folder_path' already exists."
# fi
# source $shellName/bin/activate
## This is if we are not using python env /nix/store/h3i0acpmr8mrjx07519xxmidv8mpax4y-python3-3.12.5/bin/python3.12 -W ignore:setup.py install is deprecated setup.py egg_info --egg-base ../../build/robotFz_ball_detector build --build-base /home/bonnjalal/Documents/Robotics/build/robotFz_ball_detector/build install --record /home/bonnjalal/Documents/Robotics/build/robotFz_ball_detector/install.log --single-version-externally-managed install_data
[1.359s] /nix/store/l7idy2qiiv0v0b6khfjvz3l5k6mnm47l-python3.12-setuptools-72.1.0/lib/python3.12/site-packages/setuptools/_distutils/dist.py:268: UserWarning: Unknown distribution option: 'tests_require'
[1.359s]   warnings.warn(msg)
[1.492s] running egg_info
[1.492s] creating ../../build/robotFz_ball_detector/robotFz_ball_detector.egg-info
[1.514s] writing ../../build/robotFz_ball_detector/robotFz_ball_detector.egg-info/PKG-INFO
[1.514s] writing dependency_links to ../../build/robotFz_ball_detector/robotFz_ball_detector.egg-info/dependency_links.txt
[1.515s] writing requirements to ../../build/robotFz_ball_detector/robotFz_ball_detector.egg-info/requires.txt
[1.515s] writing top-level names to ../../build/robotFz_ball_detector/robotFz_ball_detector.egg-info/top_level.txt
[1.515s] writing manifest file '../../build/robotFz_ball_detector/robotFz_ball_detector.egg-info/SOURCES.txt'
[1.559s] reading manifest file '../../build/robotFz_ball_detector/robotFz_ball_detector.egg-info/SOURCES.txt'
[1.560s] writing manifest file '../../build/robotFz_ball_detector/robotFz_ball_detector.egg-info/SOURCES.txt'
[1.560s] running build
[1.560s] running build_py
[1.560s] creating /home/bonnjalal/Documents/Robotics/build/robotFz_ball_detector/build
[1.560s] creating /home/bonnjalal/Documents/Robotics/build/robotFz_ball_detector/build/lib
[1.560s] creating /home/bonnjalal/Documents/Robotics/build/robotFz_ball_detector/build/lib/robotFz_ball_detector
[1.560s] copying robotFz_ball_detector/__init__.py -> /home/bonnjalal/Documents/Robotics/build/robotFz_ball_detector/build/lib/robotFz_ball_detector
[1.561s] running install
[1.569s] running install_lib
[1.593s] creating /home/bonnjalal/Documents/Robotics/install/robotFz_ball_detector/lib/python3.12/site-packages/robotFz_ball_detector
[1.593s] copying /home/bonnjalal/Documents/Robotics/build/robotFz_ball_detector/build/lib/robotFz_ball_detector/__init__.py -> /home/bonnjalal/Documents/Robotics/install/robotFz_ball_detector/lib/python3.12/site-packages/robotFz_ball_detector
[1.594s] byte-compiling /home/bonnjalal/Documents/Robotics/install/robotFz_ball_detector/lib/python3.12/site-packages/robotFz_ball_detector/__init__.py to __init__.cpython-312.pyc
[1.594s] running install_data
[1.595s] creating /home/bonnjalal/Documents/Robotics/install/robotFz_ball_detector/share/ament_index
[1.595s] creating /home/bonnjalal/Documents/Robotics/install/robotFz_ball_detector/share/ament_index/resource_index
[1.595s] creating /home/bonnjalal/Documents/Robotics/install/robotFz_ball_detector/share/ament_index/resource_index/packages
[1.595s] copying resource/robotFz_ball_detector -> /home/bonnjalal/Documents/Robotics/install/robotFz_ball_detector/share/ament_index/resource_index/packages
[1.595s] copying package.xml -> /home/bonnjalal/Documents/Robotics/install/robotFz_ball_detector/share/robotFz_ball_detector
[1.595s] running install_egg_info
[1.619s] Copying ../../build/robotFz_ball_detector/robotFz_ball_detector.egg-info to /home/bonnjalal/Documents/Robotics/install/robotFz_ball_detector/lib/python3.12/site-packages/robotFz_ball_detector-0.0.0-py3.12.egg-info
[1.620s] running install_scripts
[1.741s] writing list of installed files to '/home/bonnjalal/Documents/Robotics/build/robotFz_ball_detector/install.log'
[1.780s] Invoked command in '/home/bonnjalal/Documents/Robotics/src/robotFz_ball_detector' returned '0': PYTHONPATH=/home/bonnjalal/Documents/Robotics/build/robotFz_ball_detector/prefix_override:/nix/store/9y77vmw9sxmkxdn4cb9mf6s793whjxmv-python3.12-colcon-core-0.18.3/lib/python3.12/site-packages/colcon_core/task/python/colcon_distutils_commands:/home/bonnjalal/Documents/Robotics/install/robotFz_ball_detector/lib/python3.12/site-packages:${PYTHONPATH} XML_CATALOG_FILES= _=/nix/store/0kg70swgpg45ipcz3pr2siidq9fn6d77-coreutils-9.5/bin/env buildPhase={ echo "------------------------------------------------------------";
  echo " WARNING: the existence of this path is not guaranteed.";
  echo " It is an internal implementation detail for pkgs.mkShell.";
  echo "------------------------------------------------------------";
  echo;
  # Record all build inputs as runtime dependencies
  export;
} >> "$out" shellHook=export LD_LIBRARY_PATH=$NIX_LD_LIBRARY_PATH
# current_path="$PWD"
# folder_path="$current_path/$shellName"
#
# if [ ! -d "$folder_path" ]; then
#   echo "Creating vertual env: $folder_path"
#   python -m venv $shellName
# else
#   echo "vertual env '$folder_path' already exists."
# fi
# source $shellName/bin/activate
## This is if we are not using python env /nix/store/h3i0acpmr8mrjx07519xxmidv8mpax4y-python3-3.12.5/bin/python3.12 -W ignore:setup.py install is deprecated setup.py egg_info --egg-base ../../build/robotFz_ball_detector build --build-base /home/bonnjalal/Documents/Robotics/build/robotFz_ball_detector/build install --record /home/bonnjalal/Documents/Robotics/build/robotFz_ball_detector/install.log --single-version-externally-managed install_data
